mode: atomic
github.com/voi-oss/svc/config.go:10.44,11.42 1 0
github.com/voi-oss/svc/config.go:14.2,14.55 1 0
github.com/voi-oss/svc/config.go:17.2,17.12 1 0
github.com/voi-oss/svc/config.go:11.42,13.3 1 0
github.com/voi-oss/svc/config.go:14.55,16.3 1 0
github.com/voi-oss/svc/http.go:21.87,31.2 2 0
github.com/voi-oss/svc/http.go:34.53,38.2 2 0
github.com/voi-oss/svc/http.go:41.38,43.2 1 0
github.com/voi-oss/svc/http.go:46.34,48.71 2 0
github.com/voi-oss/svc/http.go:51.2,51.12 1 0
github.com/voi-oss/svc/http.go:48.71,50.3 1 0
github.com/voi-oss/svc/http.go:55.40,57.2 1 0
github.com/voi-oss/svc/logger.go:13.102,28.2 5 19
github.com/voi-oss/svc/logger.go:32.30,33.28 1 0
github.com/voi-oss/svc/logger.go:33.28,41.59 2 0
github.com/voi-oss/svc/logger.go:45.3,46.42 1 0
github.com/voi-oss/svc/logger.go:54.3,54.13 1 0
github.com/voi-oss/svc/logger.go:41.59,43.4 1 0
github.com/voi-oss/svc/logger.go:46.42,48.19 2 0
github.com/voi-oss/svc/logger.go:51.5,52.15 2 0
github.com/voi-oss/svc/logger.go:48.19,50.6 1 0
github.com/voi-oss/svc/logger.go:59.66,60.28 1 0
github.com/voi-oss/svc/logger.go:60.28,62.3 1 0
github.com/voi-oss/svc/logger.go:67.55,68.28 1 13
github.com/voi-oss/svc/logger.go:68.28,76.3 4 13
github.com/voi-oss/svc/logger.go:81.54,82.28 1 2
github.com/voi-oss/svc/logger.go:82.28,90.3 4 2
github.com/voi-oss/svc/logger.go:95.72,96.28 1 2
github.com/voi-oss/svc/logger.go:96.28,106.3 5 2
github.com/voi-oss/svc/logger.go:111.76,112.28 1 2
github.com/voi-oss/svc/logger.go:112.28,120.3 4 2
github.com/voi-oss/svc/logger.go:123.75,125.16 2 19
github.com/voi-oss/svc/logger.go:128.2,129.16 2 19
github.com/voi-oss/svc/logger.go:133.2,138.12 5 19
github.com/voi-oss/svc/logger.go:125.16,127.3 1 0
github.com/voi-oss/svc/logger.go:129.16,131.3 1 0
github.com/voi-oss/svc/options.go:19.56,20.28 1 0
github.com/voi-oss/svc/options.go:20.28,24.3 2 0
github.com/voi-oss/svc/options.go:28.57,29.28 1 0
github.com/voi-oss/svc/options.go:29.28,33.3 2 0
github.com/voi-oss/svc/options.go:38.47,39.28 1 0
github.com/voi-oss/svc/options.go:39.28,42.3 2 0
github.com/voi-oss/svc/options.go:47.36,48.28 1 0
github.com/voi-oss/svc/options.go:48.28,52.3 2 0
github.com/voi-oss/svc/options.go:57.41,58.28 1 0
github.com/voi-oss/svc/options.go:58.28,63.3 3 0
github.com/voi-oss/svc/options.go:67.27,68.28 1 0
github.com/voi-oss/svc/options.go:68.28,78.56 3 0
github.com/voi-oss/svc/options.go:82.3,82.13 1 0
github.com/voi-oss/svc/options.go:78.56,80.4 1 0
github.com/voi-oss/svc/options.go:88.34,89.28 1 0
github.com/voi-oss/svc/options.go:89.28,96.3 2 0
github.com/voi-oss/svc/options.go:101.33,102.28 1 0
github.com/voi-oss/svc/options.go:102.28,118.3 12 0
github.com/voi-oss/svc/options.go:123.27,124.28 1 0
github.com/voi-oss/svc/options.go:124.28,126.77 1 0
github.com/voi-oss/svc/options.go:132.3,132.78 1 0
github.com/voi-oss/svc/options.go:154.3,154.13 1 0
github.com/voi-oss/svc/options.go:126.77,129.4 2 0
github.com/voi-oss/svc/options.go:132.78,134.32 2 0
github.com/voi-oss/svc/options.go:141.4,141.21 1 0
github.com/voi-oss/svc/options.go:134.32,135.35 1 0
github.com/voi-oss/svc/options.go:135.35,136.41 1 0
github.com/voi-oss/svc/options.go:136.41,138.7 1 0
github.com/voi-oss/svc/options.go:141.21,144.19 3 0
github.com/voi-oss/svc/options.go:148.5,150.22 3 0
github.com/voi-oss/svc/options.go:144.19,147.6 2 0
github.com/voi-oss/svc/svc.go:54.62,70.51 2 11
github.com/voi-oss/svc/svc.go:74.2,78.25 3 11
github.com/voi-oss/svc/svc.go:84.2,84.15 1 11
github.com/voi-oss/svc/svc.go:70.51,72.3 1 0
github.com/voi-oss/svc/svc.go:78.25,79.30 1 8
github.com/voi-oss/svc/svc.go:79.30,81.4 1 0
github.com/voi-oss/svc/svc.go:89.48,90.42 1 5
github.com/voi-oss/svc/svc.go:93.2,93.32 1 5
github.com/voi-oss/svc/svc.go:96.2,96.31 1 5
github.com/voi-oss/svc/svc.go:102.2,103.21 2 5
github.com/voi-oss/svc/svc.go:90.42,92.3 1 0
github.com/voi-oss/svc/svc.go:93.32,95.3 1 5
github.com/voi-oss/svc/svc.go:96.31,98.3 1 0
github.com/voi-oss/svc/svc.go:98.8,100.3 1 5
github.com/voi-oss/svc/svc.go:106.57,109.2 2 0
github.com/voi-oss/svc/svc.go:113.21,116.15 2 3
github.com/voi-oss/svc/svc.go:125.2,125.38 1 3
github.com/voi-oss/svc/svc.go:135.2,137.33 3 3
github.com/voi-oss/svc/svc.go:148.2,150.9 2 3
github.com/voi-oss/svc/svc.go:116.15,122.3 5 3
github.com/voi-oss/svc/svc.go:125.38,128.54 3 5
github.com/voi-oss/svc/svc.go:132.3,132.60 1 5
github.com/voi-oss/svc/svc.go:128.54,131.4 2 0
github.com/voi-oss/svc/svc.go:137.33,139.34 2 5
github.com/voi-oss/svc/svc.go:139.34,141.34 2 5
github.com/voi-oss/svc/svc.go:141.34,144.5 2 1
github.com/voi-oss/svc/svc.go:151.21,152.40 1 1
github.com/voi-oss/svc/svc.go:155.3,155.59 1 1
github.com/voi-oss/svc/svc.go:156.26,157.69 1 1
github.com/voi-oss/svc/svc.go:158.30,159.45 1 1
github.com/voi-oss/svc/svc.go:152.40,154.4 1 0
github.com/voi-oss/svc/svc.go:168.26,170.2 1 1
github.com/voi-oss/svc/svc.go:173.39,174.16 1 0
github.com/voi-oss/svc/svc.go:181.2,181.10 1 0
github.com/voi-oss/svc/svc.go:174.16,175.34 1 0
github.com/voi-oss/svc/svc.go:178.3,179.13 2 0
github.com/voi-oss/svc/svc.go:175.34,176.14 1 0
github.com/voi-oss/svc/svc.go:185.36,187.2 1 0
github.com/voi-oss/svc/svc.go:189.34,195.12 4 3
github.com/voi-oss/svc/svc.go:210.2,211.41 2 3
github.com/voi-oss/svc/svc.go:195.12,198.45 3 3
github.com/voi-oss/svc/svc.go:198.45,199.28 1 5
github.com/voi-oss/svc/svc.go:199.28,201.41 2 5
github.com/voi-oss/svc/svc.go:206.5,206.67 1 5
github.com/voi-oss/svc/svc.go:201.41,205.6 1 0
github.com/voi-oss/svc/svc.go:214.60,215.9 1 3
github.com/voi-oss/svc/svc.go:216.29,216.29 0 3
github.com/voi-oss/svc/svc.go:217.23,217.23 0 0
github.com/voi-oss/svc/svc.go:221.58,223.12 2 6
github.com/voi-oss/svc/svc.go:227.2,227.10 1 6
github.com/voi-oss/svc/svc.go:223.12,226.3 2 6
github.com/voi-oss/svc/svc.go:230.81,232.30 2 5
github.com/voi-oss/svc/svc.go:232.30,233.31 1 0
github.com/voi-oss/svc/svc.go:233.31,237.4 2 0
github.com/voi-oss/svc/svc.go:237.9,239.4 1 0
github.com/voi-oss/svc/svc.go:243.70,244.25 1 0
github.com/voi-oss/svc/svc.go:247.2,247.30 1 0
github.com/voi-oss/svc/svc.go:244.25,246.3 1 0
